  compilation object save succeeded; see C:\Users\mothu\OneDrive\ドキュメント\GitHub\Job_Hunting\DX11Game\data\shader\AssimpPixel.cso
  compilation object save succeeded; see C:\Users\mothu\OneDrive\ドキュメント\GitHub\Job_Hunting\DX11Game\data\shader\AssimpVertex.cso
  compilation object save succeeded; see C:\Users\mothu\OneDrive\ドキュメント\GitHub\Job_Hunting\DX11Game\BoxPS.cso
  compilation object save succeeded; see C:\Users\mothu\OneDrive\ドキュメント\GitHub\Job_Hunting\DX11Game\data\shader\Pixel.cso
  compilation object save succeeded; see C:\Users\mothu\OneDrive\ドキュメント\GitHub\Job_Hunting\DX11Game\data\shader\Pixel2D.cso
  compilation object save succeeded; see C:\Users\mothu\OneDrive\ドキュメント\GitHub\Job_Hunting\DX11Game\data\shader\Vertex.cso
  compilation object save succeeded; see C:\Users\mothu\OneDrive\ドキュメント\GitHub\Job_Hunting\DX11Game\data\shader\Vertex2D.cso
  AssimpModel.cpp
c:\users\mothu\onedrive\ドキュメント\github\job_hunting\dx11game\base\assimpmodel.cpp(758): warning C4244: '引数': 'EByOpacity' から 'float' への変換です。データが失われる可能性があります。
c:\users\mothu\onedrive\ドキュメント\github\job_hunting\dx11game\base\assimpmodel.cpp(769): warning C4018: '<': signed と unsigned の数値を比較しようとしました。
  Camera.cpp
  Input.cpp
  Light.cpp
  Mesh.cpp
  Model.cpp
  Polygon.cpp
  Shader.cpp
  Texture.cpp
  Box.cpp
  Debug_Collision.cpp
  Object2D.cpp
  Object3D.cpp
  ObjectBase.cpp
  ObjectUI.cpp
  SceneBase.cpp
  ScreenObjectBase.cpp
  ShaderList.cpp
  main.cpp
  ObjectManager.cpp
  コンパイル中...
  SceneManager.cpp
  Charactor.cpp
  Land.cpp
  SceneFade.cpp
  SkyBox.cpp
  fog.cpp
  logo.cpp
  Sword.cpp
  CollisionScene.cpp
  TestScene.cpp
  Title.cpp
c:\users\mothu\onedrive\ドキュメント\github\job_hunting\dx11game\scene\title.cpp(13): warning C4244: '引数': 'int' から 'float' への変換です。データが失われる可能性があります。
  Test2DObj.cpp
  Test3D.cpp
  TestBillBoard.cpp
  TestCamera.cpp
  TestCollision.cpp
  TestPlayer.cpp
DirectXTex.lib(DirectXTexDDS.obj) : error LNK2038: '_ITERATOR_DEBUG_LEVEL' の不一致が検出されました。値 '0' が 2 の値 'AssimpModel.obj' と一致しません。
DirectXTex.lib(DirectXTexDDS.obj) : error LNK2038: 'RuntimeLibrary' の不一致が検出されました。値 'MT_StaticRelease' が MTd_StaticDebug の値 'AssimpModel.obj' と一致しません。
DirectXTex.lib(DirectXTexD3D11.obj) : error LNK2038: '_ITERATOR_DEBUG_LEVEL' の不一致が検出されました。値 '0' が 2 の値 'AssimpModel.obj' と一致しません。
DirectXTex.lib(DirectXTexD3D11.obj) : error LNK2038: 'RuntimeLibrary' の不一致が検出されました。値 'MT_StaticRelease' が MTd_StaticDebug の値 'AssimpModel.obj' と一致しません。
DirectXTex.lib(DirectXTexTGA.obj) : error LNK2038: '_ITERATOR_DEBUG_LEVEL' の不一致が検出されました。値 '0' が 2 の値 'AssimpModel.obj' と一致しません。
DirectXTex.lib(DirectXTexTGA.obj) : error LNK2038: 'RuntimeLibrary' の不一致が検出されました。値 'MT_StaticRelease' が MTd_StaticDebug の値 'AssimpModel.obj' と一致しません。
DirectXTex.lib(DirectXTexWIC.obj) : error LNK2038: '_ITERATOR_DEBUG_LEVEL' の不一致が検出されました。値 '0' が 2 の値 'AssimpModel.obj' と一致しません。
DirectXTex.lib(DirectXTexWIC.obj) : error LNK2038: 'RuntimeLibrary' の不一致が検出されました。値 'MT_StaticRelease' が MTd_StaticDebug の値 'AssimpModel.obj' と一致しません。
DirectXTex.lib(DirectXTexImage.obj) : error LNK2038: '_ITERATOR_DEBUG_LEVEL' の不一致が検出されました。値 '0' が 2 の値 'AssimpModel.obj' と一致しません。
DirectXTex.lib(DirectXTexImage.obj) : error LNK2038: 'RuntimeLibrary' の不一致が検出されました。値 'MT_StaticRelease' が MTd_StaticDebug の値 'AssimpModel.obj' と一致しません。
DirectXTex.lib(DirectXTexUtil.obj) : error LNK2038: '_ITERATOR_DEBUG_LEVEL' の不一致が検出されました。値 '0' が 2 の値 'AssimpModel.obj' と一致しません。
DirectXTex.lib(DirectXTexUtil.obj) : error LNK2038: 'RuntimeLibrary' の不一致が検出されました。値 'MT_StaticRelease' が MTd_StaticDebug の値 'AssimpModel.obj' と一致しません。
DirectXTex.lib(DirectXTexConvert.obj) : error LNK2038: '_ITERATOR_DEBUG_LEVEL' の不一致が検出されました。値 '0' が 2 の値 'AssimpModel.obj' と一致しません。
DirectXTex.lib(DirectXTexConvert.obj) : error LNK2038: 'RuntimeLibrary' の不一致が検出されました。値 'MT_StaticRelease' が MTd_StaticDebug の値 'AssimpModel.obj' と一致しません。
DirectXTex.lib(DirectXTexCompress.obj) : error LNK2038: '_ITERATOR_DEBUG_LEVEL' の不一致が検出されました。値 '0' が 2 の値 'AssimpModel.obj' と一致しません。
DirectXTex.lib(DirectXTexCompress.obj) : error LNK2038: 'RuntimeLibrary' の不一致が検出されました。値 'MT_StaticRelease' が MTd_StaticDebug の値 'AssimpModel.obj' と一致しません。
DirectXTex.lib(DirectXTexMipMaps.obj) : error LNK2038: '_ITERATOR_DEBUG_LEVEL' の不一致が検出されました。値 '0' が 2 の値 'AssimpModel.obj' と一致しません。
DirectXTex.lib(DirectXTexMipMaps.obj) : error LNK2038: 'RuntimeLibrary' の不一致が検出されました。値 'MT_StaticRelease' が MTd_StaticDebug の値 'AssimpModel.obj' と一致しません。
DirectXTex.lib(BC.obj) : error LNK2038: '_ITERATOR_DEBUG_LEVEL' の不一致が検出されました。値 '0' が 2 の値 'AssimpModel.obj' と一致しません。
DirectXTex.lib(BC.obj) : error LNK2038: 'RuntimeLibrary' の不一致が検出されました。値 'MT_StaticRelease' が MTd_StaticDebug の値 'AssimpModel.obj' と一致しません。
DirectXTex.lib(BC4BC5.obj) : error LNK2038: '_ITERATOR_DEBUG_LEVEL' の不一致が検出されました。値 '0' が 2 の値 'AssimpModel.obj' と一致しません。
DirectXTex.lib(BC4BC5.obj) : error LNK2038: 'RuntimeLibrary' の不一致が検出されました。値 'MT_StaticRelease' が MTd_StaticDebug の値 'AssimpModel.obj' と一致しません。
DirectXTex.lib(BC6HBC7.obj) : error LNK2038: '_ITERATOR_DEBUG_LEVEL' の不一致が検出されました。値 '0' が 2 の値 'AssimpModel.obj' と一致しません。
DirectXTex.lib(BC6HBC7.obj) : error LNK2038: 'RuntimeLibrary' の不一致が検出されました。値 'MT_StaticRelease' が MTd_StaticDebug の値 'AssimpModel.obj' と一致しません。
libcpmt.lib(uncaught_exception.obj) : error LNK2038: '_ITERATOR_DEBUG_LEVEL' の不一致が検出されました。値 '0' が 2 の値 'AssimpModel.obj' と一致しません。
libcpmt.lib(uncaught_exception.obj) : error LNK2038: 'RuntimeLibrary' の不一致が検出されました。値 'MT_StaticRelease' が MTd_StaticDebug の値 'AssimpModel.obj' と一致しません。
libcpmt.lib(locale0.obj) : error LNK2038: '_ITERATOR_DEBUG_LEVEL' の不一致が検出されました。値 '0' が 2 の値 'AssimpModel.obj' と一致しません。
libcpmt.lib(locale0.obj) : error LNK2038: 'RuntimeLibrary' の不一致が検出されました。値 'MT_StaticRelease' が MTd_StaticDebug の値 'AssimpModel.obj' と一致しません。
libcpmt.lib(xonce.obj) : error LNK2038: '_ITERATOR_DEBUG_LEVEL' の不一致が検出されました。値 '0' が 2 の値 'AssimpModel.obj' と一致しません。
libcpmt.lib(xonce.obj) : error LNK2038: 'RuntimeLibrary' の不一致が検出されました。値 'MT_StaticRelease' が MTd_StaticDebug の値 'AssimpModel.obj' と一致しません。
libcpmt.lib(syserror.obj) : error LNK2038: '_ITERATOR_DEBUG_LEVEL' の不一致が検出されました。値 '0' が 2 の値 'AssimpModel.obj' と一致しません。
libcpmt.lib(syserror.obj) : error LNK2038: 'RuntimeLibrary' の不一致が検出されました。値 'MT_StaticRelease' が MTd_StaticDebug の値 'AssimpModel.obj' と一致しません。
libcpmt.lib(ios.obj) : error LNK2038: '_ITERATOR_DEBUG_LEVEL' の不一致が検出されました。値 '0' が 2 の値 'AssimpModel.obj' と一致しません。
libcpmt.lib(ios.obj) : error LNK2038: 'RuntimeLibrary' の不一致が検出されました。値 'MT_StaticRelease' が MTd_StaticDebug の値 'AssimpModel.obj' と一致しません。
libcpmt.lib(excptptr.obj) : error LNK2038: '_ITERATOR_DEBUG_LEVEL' の不一致が検出されました。値 '0' が 2 の値 'AssimpModel.obj' と一致しません。
libcpmt.lib(excptptr.obj) : error LNK2038: 'RuntimeLibrary' の不一致が検出されました。値 'MT_StaticRelease' が MTd_StaticDebug の値 'AssimpModel.obj' と一致しません。
libcpmt.lib(cerr.obj) : error LNK2038: '_ITERATOR_DEBUG_LEVEL' の不一致が検出されました。値 '0' が 2 の値 'AssimpModel.obj' と一致しません。
libcpmt.lib(cerr.obj) : error LNK2038: 'RuntimeLibrary' の不一致が検出されました。値 'MT_StaticRelease' が MTd_StaticDebug の値 'AssimpModel.obj' と一致しません。
libcpmt.lib(cout.obj) : error LNK2038: '_ITERATOR_DEBUG_LEVEL' の不一致が検出されました。値 '0' が 2 の値 'AssimpModel.obj' と一致しません。
libcpmt.lib(cout.obj) : error LNK2038: 'RuntimeLibrary' の不一致が検出されました。値 'MT_StaticRelease' が MTd_StaticDebug の値 'AssimpModel.obj' と一致しません。
libcpmt.lib(iomanip.obj) : error LNK2038: '_ITERATOR_DEBUG_LEVEL' の不一致が検出されました。値 '0' が 2 の値 'AssimpModel.obj' と一致しません。
libcpmt.lib(iomanip.obj) : error LNK2038: 'RuntimeLibrary' の不一致が検出されました。値 'MT_StaticRelease' が MTd_StaticDebug の値 'AssimpModel.obj' と一致しません。
libcpmt.lib(fiopen.obj) : error LNK2038: '_ITERATOR_DEBUG_LEVEL' の不一致が検出されました。値 '0' が 2 の値 'AssimpModel.obj' と一致しません。
libcpmt.lib(fiopen.obj) : error LNK2038: 'RuntimeLibrary' の不一致が検出されました。値 'MT_StaticRelease' が MTd_StaticDebug の値 'AssimpModel.obj' と一致しません。
libcpmt.lib(StlLCMapStringA.obj) : error LNK2038: '_ITERATOR_DEBUG_LEVEL' の不一致が検出されました。値 '0' が 2 の値 'AssimpModel.obj' と一致しません。
libcpmt.lib(StlLCMapStringA.obj) : error LNK2038: 'RuntimeLibrary' の不一致が検出されました。値 'MT_StaticRelease' が MTd_StaticDebug の値 'AssimpModel.obj' と一致しません。
libcpmt.lib(locale.obj) : error LNK2038: '_ITERATOR_DEBUG_LEVEL' の不一致が検出されました。値 '0' が 2 の値 'AssimpModel.obj' と一致しません。
libcpmt.lib(locale.obj) : error LNK2038: 'RuntimeLibrary' の不一致が検出されました。値 'MT_StaticRelease' が MTd_StaticDebug の値 'AssimpModel.obj' と一致しません。
libcpmt.lib(iosptrs.obj) : error LNK2038: '_ITERATOR_DEBUG_LEVEL' の不一致が検出されました。値 '0' が 2 の値 'AssimpModel.obj' と一致しません。
libcpmt.lib(iosptrs.obj) : error LNK2038: 'RuntimeLibrary' の不一致が検出されました。値 'MT_StaticRelease' が MTd_StaticDebug の値 'AssimpModel.obj' と一致しません。
libcpmt.lib(winapinls.obj) : error LNK2038: '_ITERATOR_DEBUG_LEVEL' の不一致が検出されました。値 '0' が 2 の値 'AssimpModel.obj' と一致しません。
libcpmt.lib(winapinls.obj) : error LNK2038: 'RuntimeLibrary' の不一致が検出されました。値 'MT_StaticRelease' が MTd_StaticDebug の値 'AssimpModel.obj' と一致しません。
libcpmt.lib(wlocale.obj) : error LNK2038: '_ITERATOR_DEBUG_LEVEL' の不一致が検出されました。値 '0' が 2 の値 'AssimpModel.obj' と一致しません。
libcpmt.lib(wlocale.obj) : error LNK2038: 'RuntimeLibrary' の不一致が検出されました。値 'MT_StaticRelease' が MTd_StaticDebug の値 'AssimpModel.obj' と一致しません。
libcpmt.lib(xlocale.obj) : error LNK2038: '_ITERATOR_DEBUG_LEVEL' の不一致が検出されました。値 '0' が 2 の値 'AssimpModel.obj' と一致しません。
libcpmt.lib(xlocale.obj) : error LNK2038: 'RuntimeLibrary' の不一致が検出されました。値 'MT_StaticRelease' が MTd_StaticDebug の値 'AssimpModel.obj' と一致しません。
libcpmt.lib(xdateord.obj) : error LNK2038: '_ITERATOR_DEBUG_LEVEL' の不一致が検出されました。値 '0' が 2 の値 'AssimpModel.obj' と一致しません。
libcpmt.lib(xdateord.obj) : error LNK2038: 'RuntimeLibrary' の不一致が検出されました。値 'MT_StaticRelease' が MTd_StaticDebug の値 'AssimpModel.obj' と一致しません。
libcpmt.lib(StlCompareStringA.obj) : error LNK2038: '_ITERATOR_DEBUG_LEVEL' の不一致が検出されました。値 '0' が 2 の値 'AssimpModel.obj' と一致しません。
libcpmt.lib(StlCompareStringA.obj) : error LNK2038: 'RuntimeLibrary' の不一致が検出されました。値 'MT_StaticRelease' が MTd_StaticDebug の値 'AssimpModel.obj' と一致しません。
libcpmt.lib(StlCompareStringW.obj) : error LNK2038: '_ITERATOR_DEBUG_LEVEL' の不一致が検出されました。値 '0' が 2 の値 'AssimpModel.obj' と一致しません。
libcpmt.lib(StlCompareStringW.obj) : error LNK2038: 'RuntimeLibrary' の不一致が検出されました。値 'MT_StaticRelease' が MTd_StaticDebug の値 'AssimpModel.obj' と一致しません。
libcpmt.lib(StlLCMapStringW.obj) : error LNK2038: '_ITERATOR_DEBUG_LEVEL' の不一致が検出されました。値 '0' が 2 の値 'AssimpModel.obj' と一致しません。
libcpmt.lib(StlLCMapStringW.obj) : error LNK2038: 'RuntimeLibrary' の不一致が検出されました。値 'MT_StaticRelease' が MTd_StaticDebug の値 'AssimpModel.obj' と一致しません。
     ライブラリ C:\Users\mothu\OneDrive\ドキュメント\GitHub\Job_Hunting\DX11Game\DX11Game.lib とオブジェクト C:\Users\mothu\OneDrive\ドキュメント\GitHub\Job_Hunting\DX11Game\DX11Game.exp を作成中
LIBCMTD.lib(initializers.obj) : warning LNK4098: defaultlib 'libcmt.lib' は他のライブラリの使用と競合しています。/NODEFAULTLIB:library を使用してください。
C:\Users\mothu\OneDrive\ドキュメント\GitHub\Job_Hunting\DX11Game\DX11Game.exe : fatal error LNK1319: 64 の不一致が検出されました
