c:\users\mothu\onedrive\ドキュメント\github\job_hunting\dx11game\x64\debug\vc141.pdb
c:\users\mothu\onedrive\ドキュメント\github\job_hunting\dx11game\x64\debug\vc141.idb
c:\users\mothu\onedrive\ドキュメント\github\job_hunting\dx11game\x64\debug\scenemanager.obj
c:\users\mothu\onedrive\ドキュメント\github\job_hunting\dx11game\x64\debug\objectmanager.obj
c:\users\mothu\onedrive\ドキュメント\github\job_hunting\dx11game\x64\debug\main.obj
c:\users\mothu\onedrive\ドキュメント\github\job_hunting\dx11game\x64\debug\shaderlist.obj
c:\users\mothu\onedrive\ドキュメント\github\job_hunting\dx11game\x64\debug\screenobjectbase.obj
c:\users\mothu\onedrive\ドキュメント\github\job_hunting\dx11game\x64\debug\scenebase.obj
c:\users\mothu\onedrive\ドキュメント\github\job_hunting\dx11game\x64\debug\objectbase.obj
c:\users\mothu\onedrive\ドキュメント\github\job_hunting\dx11game\x64\debug\object3d.obj
c:\users\mothu\onedrive\ドキュメント\github\job_hunting\dx11game\x64\debug\object2d.obj
c:\users\mothu\onedrive\ドキュメント\github\job_hunting\dx11game\x64\debug\debug_collision.obj
c:\users\mothu\onedrive\ドキュメント\github\job_hunting\dx11game\x64\debug\box.obj
c:\users\mothu\onedrive\ドキュメント\github\job_hunting\dx11game\x64\debug\texture.obj
c:\users\mothu\onedrive\ドキュメント\github\job_hunting\dx11game\x64\debug\shader.obj
c:\users\mothu\onedrive\ドキュメント\github\job_hunting\dx11game\x64\debug\polygon.obj
c:\users\mothu\onedrive\ドキュメント\github\job_hunting\dx11game\x64\debug\model.obj
c:\users\mothu\onedrive\ドキュメント\github\job_hunting\dx11game\x64\debug\mesh.obj
c:\users\mothu\onedrive\ドキュメント\github\job_hunting\dx11game\x64\debug\light.obj
c:\users\mothu\onedrive\ドキュメント\github\job_hunting\dx11game\x64\debug\input.obj
c:\users\mothu\onedrive\ドキュメント\github\job_hunting\dx11game\x64\debug\camera.obj
c:\users\mothu\onedrive\ドキュメント\github\job_hunting\dx11game\x64\debug\assimpmodel.obj
c:\users\mothu\onedrive\ドキュメント\github\job_hunting\dx11game\x64\debug\testcollision.obj
c:\users\mothu\onedrive\ドキュメント\github\job_hunting\dx11game\x64\debug\testcamera.obj
c:\users\mothu\onedrive\ドキュメント\github\job_hunting\dx11game\x64\debug\test3d.obj
c:\users\mothu\onedrive\ドキュメント\github\job_hunting\dx11game\x64\debug\test2dobj.obj
c:\users\mothu\onedrive\ドキュメント\github\job_hunting\dx11game\x64\debug\testscene.obj
c:\users\mothu\onedrive\ドキュメント\github\job_hunting\dx11game\x64\debug\collisionscene.obj
c:\users\mothu\onedrive\ドキュメント\github\job_hunting\dx11game\x64\debug\scenefade.obj
c:\users\mothu\onedrive\ドキュメント\github\job_hunting\dx11game\x64\debug\skybox.obj
c:\users\mothu\onedrive\ドキュメント\github\job_hunting\dx11game\dx11game.lib
c:\users\mothu\onedrive\ドキュメント\github\job_hunting\dx11game\dx11game.exp
c:\users\mothu\onedrive\ドキュメント\github\job_hunting\dx11game\data\shader\assimppixel.cso
c:\users\mothu\onedrive\ドキュメント\github\job_hunting\dx11game\data\shader\assimpvertex.cso
c:\users\mothu\onedrive\ドキュメント\github\job_hunting\dx11game\data\shader\pixel.cso
c:\users\mothu\onedrive\ドキュメント\github\job_hunting\dx11game\data\shader\pixel2d.cso
c:\users\mothu\onedrive\ドキュメント\github\job_hunting\dx11game\data\shader\vertex.cso
c:\users\mothu\onedrive\ドキュメント\github\job_hunting\dx11game\data\shader\vertex2d.cso
c:\users\mothu\onedrive\ドキュメント\github\job_hunting\dx11game\dx11game.exe
c:\users\mothu\onedrive\ドキュメント\github\job_hunting\dx11game\dx11game.ilk
c:\users\mothu\onedrive\ドキュメント\github\job_hunting\dx11game\dx11game.pdb
c:\users\mothu\onedrive\ドキュメント\github\job_hunting\dx11game\x64\debug\dx11game.tlog\cl.command.1.tlog
c:\users\mothu\onedrive\ドキュメント\github\job_hunting\dx11game\x64\debug\dx11game.tlog\cl.read.1.tlog
c:\users\mothu\onedrive\ドキュメント\github\job_hunting\dx11game\x64\debug\dx11game.tlog\cl.write.1.tlog
c:\users\mothu\onedrive\ドキュメント\github\job_hunting\dx11game\x64\debug\dx11game.tlog\dx11game.write.1u.tlog
c:\users\mothu\onedrive\ドキュメント\github\job_hunting\dx11game\x64\debug\dx11game.tlog\fxc.command.1.tlog
c:\users\mothu\onedrive\ドキュメント\github\job_hunting\dx11game\x64\debug\dx11game.tlog\fxc.read.1.tlog
c:\users\mothu\onedrive\ドキュメント\github\job_hunting\dx11game\x64\debug\dx11game.tlog\fxc.write.1.tlog
c:\users\mothu\onedrive\ドキュメント\github\job_hunting\dx11game\x64\debug\dx11game.tlog\link.command.1.tlog
c:\users\mothu\onedrive\ドキュメント\github\job_hunting\dx11game\x64\debug\dx11game.tlog\link.read.1.tlog
c:\users\mothu\onedrive\ドキュメント\github\job_hunting\dx11game\x64\debug\dx11game.tlog\link.write.1.tlog
